-------------------------------------------------------------------------------
Test set: com.bussiness.go.software.test.SoftwareApplicationTests
-------------------------------------------------------------------------------
Tests run: 1, Failures: 0, Errors: 1, Skipped: 0, Time elapsed: 3.922 s <<< FAILURE! - in com.bussiness.go.software.test.SoftwareApplicationTests
contextLoads  Time elapsed: 0.006 s  <<< ERROR!
java.lang.IllegalStateException: Failed to load ApplicationContext
Caused by: org.springframework.beans.factory.BeanCreationException: Error creating bean with name 'requestMappingHandlerMapping' defined in class path resource [org/springframework/boot/autoconfigure/web/servlet/WebMvcAutoConfiguration$EnableWebMvcConfiguration.class]: Invocation of init method failed; nested exception is java.lang.IllegalStateException: Invalid mapping on handler class [com.bussiness.go.software.controllers.ReporteController]: public com.bussiness.go.software.utilities.ApiResponse com.bussiness.go.software.controllers.ReporteController.exportIntoExcelFile(javax.servlet.http.HttpServletResponse) throws java.io.IOException,java.text.ParseException
Caused by: java.lang.IllegalStateException: Invalid mapping on handler class [com.bussiness.go.software.controllers.ReporteController]: public com.bussiness.go.software.utilities.ApiResponse com.bussiness.go.software.controllers.ReporteController.exportIntoExcelFile(javax.servlet.http.HttpServletResponse) throws java.io.IOException,java.text.ParseException
Caused by: org.springframework.web.util.pattern.PatternParseException: Missing preceding open capture character before variable name{

